
==================================================
Starting at 2026-07-12 19:17:58
Configuration:
model:
  _target_: src.upsampler.JAFAR
  input_dim: 3
  qk_dim: 128
  v_dim: ${model.feature_dim}
  feature_dim: ${get_feature:${backbone.name}}
  kernel_size: 1
  num_heads: 4
  num_layers_fused: 3
  name: jafar_3layer
backbone:
  _target_: src.backbone.PretrainedViTWrapper
  name: vit_small_patch14_dinov2.lvd142m
  norm: true
  'n':
  - 5
  - 8
  - 11
optimizer:
  _target_: torch.optim.AdamW
  lr: 0.0005
  betas:
  - 0.9
  - 0.999
  weight_decay: 1.0e-05
loss:
  _target_: src.loss.Loss
  loss_type: cosine_mse
  dim: ${model.feature_dim}
train_dataset:
  _target_: dataloader.ImageDataset
  root: ${dataroot}/train
  root_cache: null
val_dataset:
  _target_: dataloader.ImageDataset
  root: ${dataroot}/val
  root_cache: null
train_dataloader:
  _target_: torch.utils.data.DataLoader
  dataset: ${dataset.train}
  batch_size: 2
  shuffle: true
  worker_init_fn:
    _target_: utils.training.seed_worker
  num_workers: 8
  pin_memory: true
val_dataloader:
  _target_: torch.utils.data.DataLoader
  dataset: ${dataset.val}
  batch_size: 1
  shuffle: true
  worker_init_fn:
    _target_: utils.training.seed_worker
  num_workers: 8
  pin_memory: true
img_size: 224
epochs: 1
max_steps: 100000
project_root: ${hydra:runtime.cwd}
dataroot: ${project_root}/data/imagenet
bfloat16: true
ratio: random
sanity: false
dataset_evaluation:
  _target_: evaluation.dataset.voc.VOCDataset
  root: ${project_root}/data/
  split: train
  year: '2012'
  download: false
  include_labels: true
  num_classes: 21
  tag: voc
eval:
  task: seg
  model_ckpt: ./output/jafar/vit_small_patch14_dinov2.lvd142m.pth
num_epochs: 5
target_size: ${img_size}
metrics:
  seg:
    num_classes: ${dataset_evaluation.num_classes}
  depth:
    min_depth: 0.001
    max_depth: 10

Using device: cuda

Processing seg task:

Image size: 224
Loaded model from checkpoint: ./output/jafar/vit_small_patch14_dinov2.lvd142m.pth
Train Dataset size: 1464
Val Dataset size: 1449
Training classifier... ./checkpoints/seg/jafar_3layer.pth not found

Number of optimized parameters: 1,078,933
Training for 5 epochs

Training model epoch 1...
Iteration 100 - Loss: 1.928352 - LR: 4.99098e-04 - Elapsed Time: 0:00:07
Iteration 200 - Loss: 1.519443 - LR: 4.96362e-04 - Elapsed Time: 0:00:14
Iteration 300 - Loss: 1.345281 - LR: 4.91811e-04 - Elapsed Time: 0:00:21
Iteration 400 - Loss: 1.237106 - LR: 4.85481e-04 - Elapsed Time: 0:00:28
Iteration 500 - Loss: 1.148369 - LR: 4.77416e-04 - Elapsed Time: 0:00:36
Iteration 600 - Loss: 1.094886 - LR: 4.67677e-04 - Elapsed Time: 0:00:43
Iteration 700 - Loss: 1.059826 - LR: 4.56335e-04 - Elapsed Time: 0:00:50
Iteration 732 - Loss: 1.051290 - LR: 4.52380e-04 - Elapsed Time: 0:00:52
Epoch 1 Summary: Loss = 1.051290 - LR = 4.52e-04
Evaluating model...
Results: {'accuracy': 0.7782164216041565, 'iou': 0.2157081961631775}
Training model epoch 2...
Iteration 100 - Loss: 0.707703 - LR: 4.39052e-04 - Elapsed Time: 0:01:52
Iteration 200 - Loss: 0.720115 - LR: 4.24332e-04 - Elapsed Time: 0:01:59
Iteration 300 - Loss: 0.731858 - LR: 4.08329e-04 - Elapsed Time: 0:02:07
Iteration 400 - Loss: 0.726766 - LR: 3.91159e-04 - Elapsed Time: 0:02:14
Iteration 500 - Loss: 0.705718 - LR: 3.72950e-04 - Elapsed Time: 0:02:21
Iteration 600 - Loss: 0.693910 - LR: 3.53836e-04 - Elapsed Time: 0:02:28
Iteration 700 - Loss: 0.684931 - LR: 3.33957e-04 - Elapsed Time: 0:02:36
Iteration 732 - Loss: 0.683181 - LR: 3.27458e-04 - Elapsed Time: 0:02:38
Epoch 2 Summary: Loss = 0.683181 - LR = 3.27e-04
Evaluating model...
Results: {'accuracy': 0.7974895238876343, 'iou': 0.27990928292274475}
Training model epoch 3...
Iteration 100 - Loss: 0.573164 - LR: 3.06795e-04 - Elapsed Time: 0:03:39
Iteration 200 - Loss: 0.594445 - LR: 2.85714e-04 - Elapsed Time: 0:03:46
Iteration 300 - Loss: 0.595677 - LR: 2.64370e-04 - Elapsed Time: 0:03:54
Iteration 400 - Loss: 0.596876 - LR: 2.42919e-04 - Elapsed Time: 0:04:01
Iteration 500 - Loss: 0.609281 - LR: 2.21522e-04 - Elapsed Time: 0:04:08
Iteration 600 - Loss: 0.602285 - LR: 2.00333e-04 - Elapsed Time: 0:04:16
Iteration 700 - Loss: 0.603028 - LR: 1.79511e-04 - Elapsed Time: 0:04:23
Iteration 732 - Loss: 0.603950 - LR: 1.72950e-04 - Elapsed Time: 0:04:25
Epoch 3 Summary: Loss = 0.603950 - LR = 1.73e-04
Evaluating model...
Results: {'accuracy': 0.805441677570343, 'iou': 0.30110082030296326}
Training model epoch 4...
Iteration 100 - Loss: 0.473355 - LR: 1.52844e-04 - Elapsed Time: 0:05:27
Iteration 200 - Loss: 0.532538 - LR: 1.33454e-04 - Elapsed Time: 0:05:34
Iteration 300 - Loss: 0.540130 - LR: 1.14922e-04 - Elapsed Time: 0:05:41
Iteration 400 - Loss: 0.556358 - LR: 9.73844e-05 - Elapsed Time: 0:05:49
Iteration 500 - Loss: 0.551234 - LR: 8.09706e-05 - Elapsed Time: 0:05:56
Iteration 600 - Loss: 0.561111 - LR: 6.58015e-05 - Elapsed Time: 0:06:03
Iteration 700 - Loss: 0.562875 - LR: 5.19887e-05 - Elapsed Time: 0:06:10
Iteration 732 - Loss: 0.562445 - LR: 4.78720e-05 - Elapsed Time: 0:06:13
Epoch 4 Summary: Loss = 0.562445 - LR = 4.77e-05
Evaluating model...
Results: {'accuracy': 0.8123900890350342, 'iou': 0.32064497470855713}
Training model epoch 5...
Iteration 100 - Loss: 0.507988 - LR: 3.60035e-05 - Elapsed Time: 0:07:14
Iteration 200 - Loss: 0.523093 - LR: 2.57107e-05 - Elapsed Time: 0:07:22
Iteration 300 - Loss: 0.526094 - LR: 1.70694e-05 - Elapsed Time: 0:07:29
Iteration 400 - Loss: 0.518839 - LR: 1.01433e-05 - Elapsed Time: 0:07:36
Iteration 500 - Loss: 0.533101 - LR: 4.98323e-06 - Elapsed Time: 0:07:43
Iteration 600 - Loss: 0.535920 - LR: 1.62734e-06 - Elapsed Time: 0:07:51
Iteration 700 - Loss: 0.541957 - LR: 1.00287e-07 - Elapsed Time: 0:07:58
Iteration 732 - Loss: 0.544298 - LR: 9.20974e-11 - Elapsed Time: 0:08:00
Epoch 5 Summary: Loss = 0.544298 - LR = 0.00e+00
Evaluating model...
Results: {'accuracy': 0.8125899434089661, 'iou': 0.31998103857040405}
Training completed. Model saved at: ./checkpoints/seg/jafar_3layer.pth
  Epoch 1/5 ━━━━━━━━━━━━━━━━━━━━━━━━━━━━━━━━━━━━━━━━ 100% Loss: 1.051290 Step: 7.320000e+02
  Epoch 2/5 ━━━━━━━━━━━━━━━━━━━━━━━━━━━━━━━━━━━━━━━━ 100% Loss: 0.683181 Step: 7.320000e+02
  Epoch 3/5 ━━━━━━━━━━━━━━━━━━━━━━━━━━━━━━━━━━━━━━━━ 100% Loss: 0.603950 Step: 7.320000e+02
  Epoch 4/5 ━━━━━━━━━━━━━━━━━━━━━━━━━━━━━━━━━━━━━━━━ 100% Loss: 0.562445 Step: 7.320000e+02
  Epoch 5/5 ━━━━━━━━━━━━━━━━━━━━━━━━━━━━━━━━━━━━━━━━ 100% Loss: 0.544298 Step: 7.320000e+02
